<?xml version="1.0" ?>
<testsuites failures="0" name="TestXML" tests="1" time="1.183">
<testsuite failures="0" name="Dialogue System" tests="12" time="0.002">
<testcase name=" when has token npc2 name change token for npc2 name" time="0">
</testcase>
<testcase name=" when has token npc2 name change token for npc2 name" time="0">
</testcase>
<testcase name=" when has sentence without token get the same unmodified sentence" time="0">
</testcase>
<testcase name=" when has sentence without token get the same unmodified sentence" time="0">
</testcase>
<testcase name=" when has sentence without token get the same unmodified sentence" time="0">
</testcase>
<testcase name=" when has token npc3 name change token for npc3 name" time="0">
</testcase>
<testcase name=" when has token npc3 name change token for npc3 name" time="0">
</testcase>
<testcase name=" when has token npcs name change token for npcs name respectively" time="0">
</testcase>
<testcase name=" when has token npcs name change token for npcs name respectively" time="0">
</testcase>
<testcase name=" when has a lot of default tokens change default tokens" time="0">
</testcase>
<testcase name=" when has token player name change token for player name" time="0">
</testcase>
<testcase name=" when has token player name change token for player name" time="0.001">
</testcase>
</testsuite>
</testsuites>